<?xml version="1.0" encoding="UTF-8"?>
<testng-results skipped="0" failed="0" ignored="0" total="1" passed="1">
  <reporter-output>
  </reporter-output>
  <suite name="POM Suite" duration-ms="23611" started-at="2021-06-12T02:23:40 EDT" finished-at="2021-06-12T02:24:03 EDT">
    <groups>
    </groups>
    <test name="POM Test" duration-ms="23611" started-at="2021-06-12T02:23:40 EDT" finished-at="2021-06-12T02:24:03 EDT">
      <class name="pageObjectModel.LoginTestConstructor">
        <test-method status="PASS" signature="openBrowser()[pri:0, instance:pageObjectModel.LoginTestConstructor@1f7030a6]" name="openBrowser" is-config="true" duration-ms="3601" started-at="2021-06-12T02:23:40 EDT" finished-at="2021-06-12T02:23:43 EDT">
          <reporter-output>
          </reporter-output>
        </test-method> <!-- openBrowser -->
        <test-method status="PASS" signature="loginTest()[pri:0, instance:pageObjectModel.LoginTestConstructor@1f7030a6]" name="loginTest" duration-ms="19817" started-at="2021-06-12T02:23:44 EDT" finished-at="2021-06-12T02:24:03 EDT">
          <reporter-output>
          </reporter-output>
        </test-method> <!-- loginTest -->
        <test-method status="PASS" signature="tearDown()[pri:0, instance:pageObjectModel.LoginTestConstructor@1f7030a6]" name="tearDown" is-config="true" duration-ms="170" started-at="2021-06-12T02:24:03 EDT" finished-at="2021-06-12T02:24:03 EDT">
          <reporter-output>
          </reporter-output>
        </test-method> <!-- tearDown -->
      </class> <!-- pageObjectModel.LoginTestConstructor -->
    </test> <!-- POM Test -->
  </suite> <!-- POM Suite -->
</testng-results>
